Using pre-set license
Built from '2020.3/staging' branch; Version is '2020.3.33f1 (915a7af8b0d5) revision 9525882'; Using compiler version '192528614'; Build Type 'Release'
OS: 'Windows 10  (10.0.19042) 64bit Core' Language: 'ko' Physical Memory: 16108 MB
BatchMode: 1, IsHumanControllingUs: 0, StartBugReporterOnCrash: 0, Is64bit: 1, IsPro: 0

COMMAND LINE ARGUMENTS:
C:\Users\이준용\OneDrive - 한국외국어대학교\2020.3.33f1\Editor\Unity.exe
-adb2
-batchMode
-noUpm
-name
AssetImportWorker0
-projectPath
C:/Users/이준용/OneDrive - 한국외국어대학교/바탕 화면/한국외대 게임프로그래밍/게임프로그래밍 Unity/UNITY 강의 Lab3_Lab9/Lab7_Game_Jump
-logFile
Logs/AssetImportWorker0.log
-srvPort
49978
Successfully changed project path to: C:/Users/이준용/OneDrive - 한국외국어대학교/바탕 화면/한국외대 게임프로그래밍/게임프로그래밍 Unity/UNITY 강의 Lab3_Lab9/Lab7_Game_Jump
C:/Users/이준용/OneDrive - 한국외국어대학교/바탕 화면/한국외대 게임프로그래밍/게임프로그래밍 Unity/UNITY 강의 Lab3_Lab9/Lab7_Game_Jump
Using Asset Import Pipeline V2.
Refreshing native plugins compatible for Editor in 203.71 ms, found 2 plugins.
Preloading 0 native plugins for Editor in 0.00 ms.
Initialize engine version: 2020.3.33f1 (915a7af8b0d5)
[Subsystems] Discovering subsystems at path C:/Users/이준용/OneDrive - 한국외국어대학교/2020.3.33f1/Editor/Data/Resources/UnitySubsystems
[Subsystems] Discovering subsystems at path C:/Users/이준용/OneDrive - 한국외국어대학교/바탕 화면/한국외대 게임프로그래밍/게임프로그래밍 Unity/UNITY 강의 Lab3_Lab9/Lab7_Game_Jump/Assets
GfxDevice: creating device client; threaded=0
Direct3D:
    Version:  Direct3D 11.0 [level 11.1]
    Renderer: Intel(R) Iris(R) Xe Graphics (ID=0x9a49)
    Vendor:   
    VRAM:     8054 MB
    Driver:   27.20.100.9466
Initialize mono
Mono path[0] = 'C:/Users/이준용/OneDrive - 한국외국어대학교/2020.3.33f1/Editor/Data/Managed'
Mono path[1] = 'C:/Users/이준용/OneDrive - 한국외국어대학교/2020.3.33f1/Editor/Data/MonoBleedingEdge/lib/mono/unityjit'
Mono config path = 'C:/Users/이준용/OneDrive - 한국외국어대학교/2020.3.33f1/Editor/Data/MonoBleedingEdge/etc'
Using monoOptions --debugger-agent=transport=dt_socket,embedding=1,server=y,suspend=n,address=127.0.0.1:56136
Begin MonoManager ReloadAssembly
Registering precompiled unity dll's ...
Register platform support module: C:/Users/이준용/OneDrive - 한국외국어대학교/2020.3.33f1/Editor/Data/PlaybackEngines/WebGLSupport/UnityEditor.WebGL.Extensions.dll
Register platform support module: C:/Users/이준용/OneDrive - 한국외국어대학교/2020.3.33f1/Editor/Data/PlaybackEngines/WindowsStandaloneSupport/UnityEditor.WindowsStandalone.Extensions.dll
Registered in 0.014953 seconds.
Native extension for WindowsStandalone target not found
Native extension for WebGL target not found
Refreshing native plugins compatible for Editor in 168.54 ms, found 2 plugins.
Preloading 0 native plugins for Editor in 0.00 ms.
Mono: successfully reloaded assembly
- Completed reload, in  1.674 seconds
Domain Reload Profiling:
	ReloadAssembly (1675ms)
		BeginReloadAssembly (226ms)
			ExecutionOrderSort (0ms)
			DisableScriptedObjects (0ms)
			BackupInstance (0ms)
			ReleaseScriptingObjects (0ms)
			CreateAndSetChildDomain (2ms)
		EndReloadAssembly (1210ms)
			LoadAssemblies (215ms)
			RebuildTransferFunctionScriptingTraits (0ms)
			SetupTypeCache (367ms)
			ReleaseScriptCaches (0ms)
			RebuildScriptCaches (63ms)
			SetupLoadedEditorAssemblies (500ms)
				LogAssemblyErrors (0ms)
				InitializePlatformSupportModulesInManaged (18ms)
				SetLoadedEditorAssemblies (1ms)
				RefreshPlugins (169ms)
				BeforeProcessingInitializeOnLoad (19ms)
				ProcessInitializeOnLoadAttributes (223ms)
				ProcessInitializeOnLoadMethodAttributes (69ms)
				AfterProcessingInitializeOnLoad (0ms)
				EditorAssembliesLoaded (0ms)
			ExecutionOrderSort2 (0ms)
			AwakeInstancesAfterBackupRestoration (0ms)
Platform modules already initialized, skipping
Registering precompiled user dll's ...
Registered in 0.017354 seconds.
Begin MonoManager ReloadAssembly
Symbol file LoadedFromMemory doesn't match image C:\Users\이준용\OneDrive - 한국외국어대학교\바탕 화면\한국외대 게임프로그래밍\게임프로그래밍 Unity\UNITY 강의 Lab3_Lab9\Lab7_Game_Jump\Library\PackageCache\com.unity.collab-proxy@1.15.15\Lib\Editor\PlasticSCM\unityplastic.dll
Native extension for WindowsStandalone target not found
Native extension for WebGL target not found
Refreshing native plugins compatible for Editor in 1.46 ms, found 2 plugins.
Preloading 0 native plugins for Editor in 0.00 ms.
Mono: successfully reloaded assembly
- Completed reload, in  2.956 seconds
Domain Reload Profiling:
	ReloadAssembly (2958ms)
		BeginReloadAssembly (442ms)
			ExecutionOrderSort (0ms)
			DisableScriptedObjects (18ms)
			BackupInstance (0ms)
			ReleaseScriptingObjects (0ms)
			CreateAndSetChildDomain (39ms)
		EndReloadAssembly (2322ms)
			LoadAssemblies (347ms)
			RebuildTransferFunctionScriptingTraits (0ms)
			SetupTypeCache (719ms)
			ReleaseScriptCaches (1ms)
			RebuildScriptCaches (105ms)
			SetupLoadedEditorAssemblies (973ms)
				LogAssemblyErrors (0ms)
				InitializePlatformSupportModulesInManaged (14ms)
				SetLoadedEditorAssemblies (1ms)
				RefreshPlugins (2ms)
				BeforeProcessingInitializeOnLoad (211ms)
				ProcessInitializeOnLoadAttributes (574ms)
				ProcessInitializeOnLoadMethodAttributes (143ms)
				AfterProcessingInitializeOnLoad (28ms)
				EditorAssembliesLoaded (0ms)
			ExecutionOrderSort2 (0ms)
			AwakeInstancesAfterBackupRestoration (17ms)
Platform modules already initialized, skipping
========================================================================
Worker process is ready to serve import requests
Launched and connected shader compiler UnityShaderCompiler.exe after 0.08 seconds
Refreshing native plugins compatible for Editor in 0.61 ms, found 2 plugins.
Preloading 0 native plugins for Editor in 0.00 ms.
Unloading 2138 Unused Serialized files (Serialized files now loaded: 0)
System memory in use before: 87.6 MB.
System memory in use after: 87.7 MB.

Unloading 55 unused Assets to reduce memory usage. Loaded Objects now: 2547.
Total: 8.065300 ms (FindLiveObjects: 0.207600 ms CreateObjectMapping: 0.092100 ms MarkObjects: 7.668800 ms  DeleteObjects: 0.095000 ms)

AssetImportParameters requested are different than current active one (requested -> active):
  custom:framework-win-MediaFoundation: 216162199b28c13a410421893ffa2e32 -> 
  custom:video-decoder-ogg-theora: a1e56fd34408186e4bbccfd4996cb3dc -> 
  custom:container-muxer-webm: aa71ff27fc2769a1b78a27578f13a17b -> 
  custom:container-demuxer-webm: 4f35f7cbe854078d1ac9338744f61a02 -> 
  custom:container-demuxer-ogg: 62fdf1f143b41e24485cea50d1cbac27 -> 
  custom:video-encoder-webm-vp8: eb34c28f22e8b96e1ab97ce403110664 -> 
  custom:video-decoder-webm-vp8: 9c59270c3fd7afecdb556c50c9e8de78 -> 
  custom:audio-decoder-ogg-vorbis: bf7c407c2cedff20999df2af8eb42d56 -> 
  custom:audio-encoder-webm-vorbis: bf7c407c2cedff20999df2af8eb42d56 -> 
========================================================================
Received Import Request.
  path: Assets/prefab1.prefab
  artifactKey: Guid(3b60f13fb93c7b044ad096d407ac5427) Importer(815301076,1909f56bfc062723c751e8b465ee728b)
Start importing Assets/prefab1.prefab using Guid(3b60f13fb93c7b044ad096d407ac5427) Importer(815301076,1909f56bfc062723c751e8b465ee728b)  -> (artifact id: '0dfc67cc2f8518449875aa40f6d9b830') in 0.217107 seconds 
========================================================================
Received Import Request.
  Time since last request: 35.966242 seconds.
  path: Assets/Scripts/GameGUI.cs
  artifactKey: Guid(a39d19d806b873b4ea1bd6e4736eae00) Importer(815301076,1909f56bfc062723c751e8b465ee728b)
Start importing Assets/Scripts/GameGUI.cs using Guid(a39d19d806b873b4ea1bd6e4736eae00) Importer(815301076,1909f56bfc062723c751e8b465ee728b)  -> (artifact id: 'f0b59a034719c80f3e7c736528faf58e') in 0.010331 seconds 
========================================================================
Received Prepare
Refreshing native plugins compatible for Editor in 48.71 ms, found 2 plugins.
Preloading 0 native plugins for Editor in 0.00 ms.
Unloading 45 Unused Serialized files (Serialized files now loaded: 0)
System memory in use before: 48.2 MB.
System memory in use after: 48.3 MB.

Unloading 45 unused Assets to reduce memory usage. Loaded Objects now: 2555.
Total: 10.627000 ms (FindLiveObjects: 0.247600 ms CreateObjectMapping: 0.109900 ms MarkObjects: 10.216200 ms  DeleteObjects: 0.051500 ms)

AssetImportParameters requested are different than current active one (requested -> active):
  custom:framework-win-MediaFoundation: 216162199b28c13a410421893ffa2e32 -> 
  custom:video-decoder-ogg-theora: a1e56fd34408186e4bbccfd4996cb3dc -> 
  custom:container-muxer-webm: aa71ff27fc2769a1b78a27578f13a17b -> 
  custom:container-demuxer-webm: 4f35f7cbe854078d1ac9338744f61a02 -> 
  custom:container-demuxer-ogg: 62fdf1f143b41e24485cea50d1cbac27 -> 
  custom:video-encoder-webm-vp8: eb34c28f22e8b96e1ab97ce403110664 -> 
  custom:video-decoder-webm-vp8: 9c59270c3fd7afecdb556c50c9e8de78 -> 
  custom:audio-decoder-ogg-vorbis: bf7c407c2cedff20999df2af8eb42d56 -> 
  custom:audio-encoder-webm-vorbis: bf7c407c2cedff20999df2af8eb42d56 -> 
========================================================================
Received Import Request.
  Time since last request: 7.330742 seconds.
  path: Assets/Scripts/Playermovement.cs
  artifactKey: Guid(e5f253d49a68c6243adabc9358a01994) Importer(815301076,1909f56bfc062723c751e8b465ee728b)
Start importing Assets/Scripts/Playermovement.cs using Guid(e5f253d49a68c6243adabc9358a01994) Importer(815301076,1909f56bfc062723c751e8b465ee728b)  -> (artifact id: 'fbc56539e697e550e5b1a4c26bdbdadd') in 0.004401 seconds 
========================================================================
Received Import Request.
  Time since last request: 14.711803 seconds.
  path: Assets/Scripts/GameControl.cs
  artifactKey: Guid(1e28b500e9edb2746b55c5bc0a8e107a) Importer(815301076,1909f56bfc062723c751e8b465ee728b)
Start importing Assets/Scripts/GameControl.cs using Guid(1e28b500e9edb2746b55c5bc0a8e107a) Importer(815301076,1909f56bfc062723c751e8b465ee728b)  -> (artifact id: '5bd6187f4a9e15020937012fb4727030') in 0.005574 seconds 
========================================================================
Received Import Request.
  Time since last request: 5.432663 seconds.
  path: Assets/Scripts/EdgeTrigger.cs
  artifactKey: Guid(578b7fb55a8aa584ebcc250d89a4061d) Importer(815301076,1909f56bfc062723c751e8b465ee728b)
Start importing Assets/Scripts/EdgeTrigger.cs using Guid(578b7fb55a8aa584ebcc250d89a4061d) Importer(815301076,1909f56bfc062723c751e8b465ee728b)  -> (artifact id: '95900a22e432a68825e1639b28cf0068') in 0.006800 seconds 
AssetImportWorkerClient::OnTransportError - code=2 error=End of file
